!SESSION 2017-12-08 15:56:11.085 -----------------------------------------------
eclipse.buildId=4.7.1.M20171009-0410
java.version=1.8.0_121
java.vendor=Oracle Corporation
BootLoader constants: OS=win32, ARCH=x86_64, WS=win32, NL=ko_KR
Framework arguments:  -product org.eclipse.epp.package.jee.product
Command-line arguments:  -os win32 -ws win32 -arch x86_64 -product org.eclipse.epp.package.jee.product

This is a continuation of log file C:\Users\LG\Desktop\.metadata\.bak_0.log
Created Time: 2017-12-08 15:56:34.482
!SESSION 2017-12-08 15:56:11.085 -----------------------------------------------
eclipse.buildId=4.7.1.M20171009-0410
java.version=1.8.0_121
java.vendor=Oracle Corporation
BootLoader constants: OS=win32, ARCH=x86_64, WS=win32, NL=ko_KR
Framework arguments:  -product org.eclipse.epp.package.jee.product
Command-line arguments:  -os win32 -ws win32 -arch x86_64 -product org.eclipse.epp.package.jee.product

!ENTRY org.eclipse.egit.ui 2 0 2017-12-08 15:56:34.483
!MESSAGE Warning: The environment variable HOME is not set. The following directory will be used to store the Git
user global configuration and to define the default location to store repositories: 'C:\Users\LG'. If this is
not correct please set the HOME environment variable and restart Eclipse. Otherwise Git for Windows and
EGit might behave differently since they see different configuration options.
This warning can be switched off on the Team > Git > Confirmations and Warnings preference page.

!ENTRY org.eclipse.jst.j2ee 4 0 2017-12-08 15:56:53.095
!MESSAGE Plugin org.eclipse.jst.jee, extension org.eclipse.jst.j2ee.J2EEModelProvider
Version 8.0 of project facet jst.ear does not exist.

!ENTRY org.eclipse.jst.j2ee 4 0 2017-12-08 15:56:53.122
!MESSAGE Version 8.0 of project facet jst.ear does not exist.
!STACK 0
java.lang.IllegalArgumentException: Version 8.0 of project facet jst.ear does not exist.
	at org.eclipse.wst.common.project.facet.core.util.internal.Versionable.getVersion(Versionable.java:80)
	at org.eclipse.wst.common.project.facet.core.internal.ProjectFacet.getVersion(ProjectFacet.java:1)
	at org.eclipse.jst.j2ee.model.J2EEModelProviderRegistry.readElement(J2EEModelProviderRegistry.java:85)
	at org.eclipse.wst.common.core.util.RegistryReader.internalReadElement(RegistryReader.java:81)
	at org.eclipse.wst.common.core.util.RegistryReader.readRegistry(RegistryReader.java:122)
	at org.eclipse.jst.j2ee.model.J2EEModelProviderRegistry.getInstance(J2EEModelProviderRegistry.java:43)
	at org.eclipse.jst.j2ee.model.ModelProviderManager.initProviders(ModelProviderManager.java:262)
	at org.eclipse.jst.j2ee.model.ModelProviderManager.getProviders(ModelProviderManager.java:338)
	at org.eclipse.jst.j2ee.model.ModelProviderManager.getProvider(ModelProviderManager.java:223)
	at org.eclipse.jst.j2ee.model.ModelProviderManager.getModelProvider(ModelProviderManager.java:93)
	at org.eclipse.jst.j2ee.model.ModelProviderManager.getModelProvider(ModelProviderManager.java:281)
	at org.eclipse.jst.jee.ui.internal.navigator.JEE5ContentProvider.getCachedModelProvider(JEE5ContentProvider.java:76)
	at org.eclipse.jst.jee.ui.internal.navigator.Web25ContentProvider.getNewContentProviderInstance(Web25ContentProvider.java:69)
	at org.eclipse.jst.jee.ui.internal.navigator.LoadingJeeDDJob.run(LoadingJeeDDJob.java:50)
	at org.eclipse.core.internal.jobs.Worker.run(Worker.java:56)

!ENTRY org.eclipse.jst.j2ee 4 0 2017-12-08 15:56:53.128
!MESSAGE Plugin org.eclipse.jst.jee, extension org.eclipse.jst.j2ee.J2EEModelProvider
Version 8.0 of project facet jst.appclient does not exist.

!ENTRY org.eclipse.jst.j2ee 4 0 2017-12-08 15:56:53.129
!MESSAGE Version 8.0 of project facet jst.appclient does not exist.
!STACK 0
java.lang.IllegalArgumentException: Version 8.0 of project facet jst.appclient does not exist.
	at org.eclipse.wst.common.project.facet.core.util.internal.Versionable.getVersion(Versionable.java:80)
	at org.eclipse.wst.common.project.facet.core.internal.ProjectFacet.getVersion(ProjectFacet.java:1)
	at org.eclipse.jst.j2ee.model.J2EEModelProviderRegistry.readElement(J2EEModelProviderRegistry.java:85)
	at org.eclipse.wst.common.core.util.RegistryReader.internalReadElement(RegistryReader.java:81)
	at org.eclipse.wst.common.core.util.RegistryReader.readRegistry(RegistryReader.java:122)
	at org.eclipse.jst.j2ee.model.J2EEModelProviderRegistry.getInstance(J2EEModelProviderRegistry.java:43)
	at org.eclipse.jst.j2ee.model.ModelProviderManager.initProviders(ModelProviderManager.java:262)
	at org.eclipse.jst.j2ee.model.ModelProviderManager.getProviders(ModelProviderManager.java:338)
	at org.eclipse.jst.j2ee.model.ModelProviderManager.getProvider(ModelProviderManager.java:223)
	at org.eclipse.jst.j2ee.model.ModelProviderManager.getModelProvider(ModelProviderManager.java:93)
	at org.eclipse.jst.j2ee.model.ModelProviderManager.getModelProvider(ModelProviderManager.java:281)
	at org.eclipse.jst.jee.ui.internal.navigator.JEE5ContentProvider.getCachedModelProvider(JEE5ContentProvider.java:76)
	at org.eclipse.jst.jee.ui.internal.navigator.Web25ContentProvider.getNewContentProviderInstance(Web25ContentProvider.java:69)
	at org.eclipse.jst.jee.ui.internal.navigator.LoadingJeeDDJob.run(LoadingJeeDDJob.java:50)
	at org.eclipse.core.internal.jobs.Worker.run(Worker.java:56)

!ENTRY org.eclipse.jst.server.tomcat.core 4 0 2017-12-08 15:58:10.844
!MESSAGE Several ports (8005, 8080, 8009) required by Tomcat v8.5 Server at localhost are already in use. The server may already be running in another process, or a system process may be using the port. To start this server you will need to stop the other process or change the port number(s).
!SESSION 2017-12-08 16:24:04.858 -----------------------------------------------
eclipse.buildId=4.7.1.M20171009-0410
java.version=1.8.0_121
java.vendor=Oracle Corporation
BootLoader constants: OS=win32, ARCH=x86_64, WS=win32, NL=ko_KR
Framework arguments:  -product org.eclipse.epp.package.jee.product
Command-line arguments:  -os win32 -ws win32 -arch x86_64 -product org.eclipse.epp.package.jee.product

!ENTRY org.eclipse.egit.ui 2 0 2017-12-08 16:24:27.263
!MESSAGE Warning: The environment variable HOME is not set. The following directory will be used to store the Git
user global configuration and to define the default location to store repositories: 'C:\Users\LG'. If this is
not correct please set the HOME environment variable and restart Eclipse. Otherwise Git for Windows and
EGit might behave differently since they see different configuration options.
This warning can be switched off on the Team > Git > Confirmations and Warnings preference page.

!ENTRY org.eclipse.jst.j2ee 4 0 2017-12-08 16:24:35.214
!MESSAGE Plugin org.eclipse.jst.jee, extension org.eclipse.jst.j2ee.J2EEModelProvider
Version 8.0 of project facet jst.ear does not exist.

!ENTRY org.eclipse.jst.j2ee 4 0 2017-12-08 16:24:35.241
!MESSAGE Version 8.0 of project facet jst.ear does not exist.
!STACK 0
java.lang.IllegalArgumentException: Version 8.0 of project facet jst.ear does not exist.
	at org.eclipse.wst.common.project.facet.core.util.internal.Versionable.getVersion(Versionable.java:80)
	at org.eclipse.wst.common.project.facet.core.internal.ProjectFacet.getVersion(ProjectFacet.java:1)
	at org.eclipse.jst.j2ee.model.J2EEModelProviderRegistry.readElement(J2EEModelProviderRegistry.java:85)
	at org.eclipse.wst.common.core.util.RegistryReader.internalReadElement(RegistryReader.java:81)
	at org.eclipse.wst.common.core.util.RegistryReader.readRegistry(RegistryReader.java:122)
	at org.eclipse.jst.j2ee.model.J2EEModelProviderRegistry.getInstance(J2EEModelProviderRegistry.java:43)
	at org.eclipse.jst.j2ee.model.ModelProviderManager.initProviders(ModelProviderManager.java:262)
	at org.eclipse.jst.j2ee.model.ModelProviderManager.getProviders(ModelProviderManager.java:338)
	at org.eclipse.jst.j2ee.model.ModelProviderManager.getProvider(ModelProviderManager.java:223)
	at org.eclipse.jst.j2ee.model.ModelProviderManager.getModelProvider(ModelProviderManager.java:93)
	at org.eclipse.jst.j2ee.model.ModelProviderManager.getModelProvider(ModelProviderManager.java:281)
	at org.eclipse.jst.jee.ui.internal.navigator.JEE5ContentProvider.getCachedModelProvider(JEE5ContentProvider.java:76)
	at org.eclipse.jst.jee.ui.internal.navigator.Web25ContentProvider.getNewContentProviderInstance(Web25ContentProvider.java:69)
	at org.eclipse.jst.jee.ui.internal.navigator.LoadingJeeDDJob.run(LoadingJeeDDJob.java:50)
	at org.eclipse.core.internal.jobs.Worker.run(Worker.java:56)

!ENTRY org.eclipse.jst.j2ee 4 0 2017-12-08 16:24:35.247
!MESSAGE Plugin org.eclipse.jst.jee, extension org.eclipse.jst.j2ee.J2EEModelProvider
Version 8.0 of project facet jst.appclient does not exist.

!ENTRY org.eclipse.jst.j2ee 4 0 2017-12-08 16:24:35.248
!MESSAGE Version 8.0 of project facet jst.appclient does not exist.
!STACK 0
java.lang.IllegalArgumentException: Version 8.0 of project facet jst.appclient does not exist.
	at org.eclipse.wst.common.project.facet.core.util.internal.Versionable.getVersion(Versionable.java:80)
	at org.eclipse.wst.common.project.facet.core.internal.ProjectFacet.getVersion(ProjectFacet.java:1)
	at org.eclipse.jst.j2ee.model.J2EEModelProviderRegistry.readElement(J2EEModelProviderRegistry.java:85)
	at org.eclipse.wst.common.core.util.RegistryReader.internalReadElement(RegistryReader.java:81)
	at org.eclipse.wst.common.core.util.RegistryReader.readRegistry(RegistryReader.java:122)
	at org.eclipse.jst.j2ee.model.J2EEModelProviderRegistry.getInstance(J2EEModelProviderRegistry.java:43)
	at org.eclipse.jst.j2ee.model.ModelProviderManager.initProviders(ModelProviderManager.java:262)
	at org.eclipse.jst.j2ee.model.ModelProviderManager.getProviders(ModelProviderManager.java:338)
	at org.eclipse.jst.j2ee.model.ModelProviderManager.getProvider(ModelProviderManager.java:223)
	at org.eclipse.jst.j2ee.model.ModelProviderManager.getModelProvider(ModelProviderManager.java:93)
	at org.eclipse.jst.j2ee.model.ModelProviderManager.getModelProvider(ModelProviderManager.java:281)
	at org.eclipse.jst.jee.ui.internal.navigator.JEE5ContentProvider.getCachedModelProvider(JEE5ContentProvider.java:76)
	at org.eclipse.jst.jee.ui.internal.navigator.Web25ContentProvider.getNewContentProviderInstance(Web25ContentProvider.java:69)
	at org.eclipse.jst.jee.ui.internal.navigator.LoadingJeeDDJob.run(LoadingJeeDDJob.java:50)
	at org.eclipse.core.internal.jobs.Worker.run(Worker.java:56)

!ENTRY org.eclipse.jst.jee 4 0 2017-12-08 16:24:49.180
!MESSAGE [Working copy] __2F_Tourmate_2F_WebContent_2F_여행_5F_준비_2E_jsp.java [in <default> [in src [in Tourmate]]] does not exist
!STACK 1
Java Model Exception: Java Model Status [[Working copy] __2F_Tourmate_2F_WebContent_2F_여행_5F_준비_2E_jsp.java [in <default> [in src [in Tourmate]]] does not exist]
	at org.eclipse.jdt.internal.core.JavaElement.newJavaModelException(JavaElement.java:570)
	at org.eclipse.jdt.internal.core.Openable.generateInfos(Openable.java:247)
	at org.eclipse.jdt.internal.core.SourceRefElement.generateInfos(SourceRefElement.java:107)
	at org.eclipse.jdt.internal.core.JavaElement.openWhenClosed(JavaElement.java:583)
	at org.eclipse.jdt.internal.core.JavaElement.getElementInfo(JavaElement.java:320)
	at org.eclipse.jdt.internal.core.JavaElement.getElementInfo(JavaElement.java:306)
	at org.eclipse.jdt.internal.core.SourceType.getAnnotations(SourceType.java:200)
	at org.eclipse.jst.jee.model.internal.WebAnnotationReader.createJavaeeObject(WebAnnotationReader.java:152)
	at org.eclipse.jst.jee.model.internal.WebAnnotationReader.analyzeCompilationUnit(WebAnnotationReader.java:145)
	at org.eclipse.jst.jee.model.internal.WebAnnotationReader.processAddedCompilationUnit(WebAnnotationReader.java:257)
	at org.eclipse.jst.jee.model.internal.common.AbstractAnnotationModelProvider.recursevilyProcessCompilationUnits(AbstractAnnotationModelProvider.java:543)
	at org.eclipse.jst.jee.model.internal.common.AbstractAnnotationModelProvider.recursevilyProcessCompilationUnits(AbstractAnnotationModelProvider.java:562)
	at org.eclipse.jst.jee.model.internal.common.AbstractAnnotationModelProvider.recursevilyProcessPackages(AbstractAnnotationModelProvider.java:519)
	at org.eclipse.jst.jee.model.internal.common.AbstractAnnotationModelProvider.recursevilyProcessPackages(AbstractAnnotationModelProvider.java:527)
	at org.eclipse.jst.jee.model.internal.common.AbstractAnnotationModelProvider.processChangedProjectChildren(AbstractAnnotationModelProvider.java:501)
	at org.eclipse.jst.jee.model.internal.common.AbstractAnnotationModelProvider.processChangedProject(AbstractAnnotationModelProvider.java:492)
	at org.eclipse.jst.jee.model.internal.common.AbstractAnnotationModelProvider.internalPostChange(AbstractAnnotationModelProvider.java:457)
	at org.eclipse.jst.jee.model.internal.common.AbstractAnnotationModelProvider.elementChanged(AbstractAnnotationModelProvider.java:448)
	at org.eclipse.jdt.internal.core.DeltaProcessor$3.run(DeltaProcessor.java:1730)
	at org.eclipse.core.runtime.SafeRunner.run(SafeRunner.java:42)
	at org.eclipse.jdt.internal.core.DeltaProcessor.notifyListeners(DeltaProcessor.java:1720)
	at org.eclipse.jdt.internal.core.DeltaProcessor.firePostChangeDelta(DeltaProcessor.java:1554)
	at org.eclipse.jdt.internal.core.DeltaProcessor.fire(DeltaProcessor.java:1530)
	at org.eclipse.jdt.internal.core.JavaModelOperation.run(JavaModelOperation.java:765)
	at org.eclipse.core.internal.resources.Workspace.run(Workspace.java:2240)
	at org.eclipse.core.internal.resources.Workspace.run(Workspace.java:2267)
	at org.eclipse.jdt.core.JavaCore.run(JavaCore.java:5660)
	at org.eclipse.jst.jsp.core.internal.validation.JSPBatchValidator.validate(JSPBatchValidator.java:528)
	at org.eclipse.wst.validation.Validator$V2.validate(Validator.java:1178)
	at org.eclipse.wst.validation.internal.ValManager.validate(ValManager.java:704)
	at org.eclipse.wst.validation.internal.ValBuilderJob$Visitor.visit(ValBuilderJob.java:351)
	at org.eclipse.core.internal.events.ResourceDelta.accept(ResourceDelta.java:64)
	at org.eclipse.core.internal.events.ResourceDelta.accept(ResourceDelta.java:75)
	at org.eclipse.core.internal.events.ResourceDelta.accept(ResourceDelta.java:75)
	at org.eclipse.core.internal.events.ResourceDelta.accept(ResourceDelta.java:48)
	at org.eclipse.wst.validation.internal.ValBuilderJob.deltaBuild(ValBuilderJob.java:211)
	at org.eclipse.wst.validation.internal.ValBuilderJob.run(ValBuilderJob.java:179)
	at org.eclipse.wst.validation.internal.ValBuilderJob.runInWorkspace(ValBuilderJob.java:126)
	at org.eclipse.core.internal.resources.InternalWorkspaceJob.run(InternalWorkspaceJob.java:39)
	at org.eclipse.core.internal.jobs.Worker.run(Worker.java:56)
!SUBENTRY 1 org.eclipse.jdt.core 4 969 2017-12-08 16:24:49.182
!MESSAGE [Working copy] __2F_Tourmate_2F_WebContent_2F_여행_5F_준비_2E_jsp.java [in <default> [in src [in Tourmate]]] does not exist
!SESSION 2017-12-08 19:16:55.735 -----------------------------------------------
eclipse.buildId=4.7.1.M20171009-0410
java.version=1.8.0_121
java.vendor=Oracle Corporation
BootLoader constants: OS=win32, ARCH=x86_64, WS=win32, NL=ko_KR
Framework arguments:  -product org.eclipse.epp.package.jee.product C:\Users\LG\Desktop\Tourmate\WebContent\main_img9.jsp
Command-line arguments:  -os win32 -ws win32 -arch x86_64 -product org.eclipse.epp.package.jee.product C:\Users\LG\Desktop\Tourmate\WebContent\main_img9.jsp

!ENTRY org.eclipse.egit.ui 2 0 2017-12-08 19:17:17.321
!MESSAGE Warning: The environment variable HOME is not set. The following directory will be used to store the Git
user global configuration and to define the default location to store repositories: 'C:\Users\LG'. If this is
not correct please set the HOME environment variable and restart Eclipse. Otherwise Git for Windows and
EGit might behave differently since they see different configuration options.
This warning can be switched off on the Team > Git > Confirmations and Warnings preference page.

!ENTRY org.eclipse.jst.j2ee 4 0 2017-12-08 19:18:09.349
!MESSAGE Plugin org.eclipse.jst.jee, extension org.eclipse.jst.j2ee.J2EEModelProvider
Version 8.0 of project facet jst.ear does not exist.

!ENTRY org.eclipse.jst.j2ee 4 0 2017-12-08 19:18:09.382
!MESSAGE Version 8.0 of project facet jst.ear does not exist.
!STACK 0
java.lang.IllegalArgumentException: Version 8.0 of project facet jst.ear does not exist.
	at org.eclipse.wst.common.project.facet.core.util.internal.Versionable.getVersion(Versionable.java:80)
	at org.eclipse.wst.common.project.facet.core.internal.ProjectFacet.getVersion(ProjectFacet.java:1)
	at org.eclipse.jst.j2ee.model.J2EEModelProviderRegistry.readElement(J2EEModelProviderRegistry.java:85)
	at org.eclipse.wst.common.core.util.RegistryReader.internalReadElement(RegistryReader.java:81)
	at org.eclipse.wst.common.core.util.RegistryReader.readRegistry(RegistryReader.java:122)
	at org.eclipse.jst.j2ee.model.J2EEModelProviderRegistry.getInstance(J2EEModelProviderRegistry.java:43)
	at org.eclipse.jst.j2ee.model.ModelProviderManager.initProviders(ModelProviderManager.java:262)
	at org.eclipse.jst.j2ee.model.ModelProviderManager.getProviders(ModelProviderManager.java:338)
	at org.eclipse.jst.j2ee.model.ModelProviderManager.getProvider(ModelProviderManager.java:223)
	at org.eclipse.jst.j2ee.model.ModelProviderManager.getModelProvider(ModelProviderManager.java:93)
	at org.eclipse.jst.j2ee.model.ModelProviderManager.getModelProvider(ModelProviderManager.java:281)
	at org.eclipse.jst.jee.ui.internal.navigator.JEE5ContentProvider.getCachedModelProvider(JEE5ContentProvider.java:76)
	at org.eclipse.jst.jee.ui.internal.navigator.Web25ContentProvider.getNewContentProviderInstance(Web25ContentProvider.java:69)
	at org.eclipse.jst.jee.ui.internal.navigator.LoadingJeeDDJob.run(LoadingJeeDDJob.java:50)
	at org.eclipse.core.internal.jobs.Worker.run(Worker.java:56)

!ENTRY org.eclipse.jst.j2ee 4 0 2017-12-08 19:18:09.390
!MESSAGE Plugin org.eclipse.jst.jee, extension org.eclipse.jst.j2ee.J2EEModelProvider
Version 8.0 of project facet jst.appclient does not exist.

!ENTRY org.eclipse.jst.j2ee 4 0 2017-12-08 19:18:09.392
!MESSAGE Version 8.0 of project facet jst.appclient does not exist.
!STACK 0
java.lang.IllegalArgumentException: Version 8.0 of project facet jst.appclient does not exist.
	at org.eclipse.wst.common.project.facet.core.util.internal.Versionable.getVersion(Versionable.java:80)
	at org.eclipse.wst.common.project.facet.core.internal.ProjectFacet.getVersion(ProjectFacet.java:1)
	at org.eclipse.jst.j2ee.model.J2EEModelProviderRegistry.readElement(J2EEModelProviderRegistry.java:85)
	at org.eclipse.wst.common.core.util.RegistryReader.internalReadElement(RegistryReader.java:81)
	at org.eclipse.wst.common.core.util.RegistryReader.readRegistry(RegistryReader.java:122)
	at org.eclipse.jst.j2ee.model.J2EEModelProviderRegistry.getInstance(J2EEModelProviderRegistry.java:43)
	at org.eclipse.jst.j2ee.model.ModelProviderManager.initProviders(ModelProviderManager.java:262)
	at org.eclipse.jst.j2ee.model.ModelProviderManager.getProviders(ModelProviderManager.java:338)
	at org.eclipse.jst.j2ee.model.ModelProviderManager.getProvider(ModelProviderManager.java:223)
	at org.eclipse.jst.j2ee.model.ModelProviderManager.getModelProvider(ModelProviderManager.java:93)
	at org.eclipse.jst.j2ee.model.ModelProviderManager.getModelProvider(ModelProviderManager.java:281)
	at org.eclipse.jst.jee.ui.internal.navigator.JEE5ContentProvider.getCachedModelProvider(JEE5ContentProvider.java:76)
	at org.eclipse.jst.jee.ui.internal.navigator.Web25ContentProvider.getNewContentProviderInstance(Web25ContentProvider.java:69)
	at org.eclipse.jst.jee.ui.internal.navigator.LoadingJeeDDJob.run(LoadingJeeDDJob.java:50)
	at org.eclipse.core.internal.jobs.Worker.run(Worker.java:56)
!SESSION 2017-12-08 19:29:56.115 -----------------------------------------------
eclipse.buildId=4.7.1.M20171009-0410
java.version=1.8.0_121
java.vendor=Oracle Corporation
BootLoader constants: OS=win32, ARCH=x86_64, WS=win32, NL=ko_KR
Framework arguments:  -product org.eclipse.epp.package.jee.product C:\Users\LG\Desktop\Tourmate\WebContent\Header.jsp
Command-line arguments:  -os win32 -ws win32 -arch x86_64 -product org.eclipse.epp.package.jee.product C:\Users\LG\Desktop\Tourmate\WebContent\Header.jsp

!ENTRY org.eclipse.egit.ui 2 0 2017-12-08 19:30:13.089
!MESSAGE Warning: The environment variable HOME is not set. The following directory will be used to store the Git
user global configuration and to define the default location to store repositories: 'C:\Users\LG'. If this is
not correct please set the HOME environment variable and restart Eclipse. Otherwise Git for Windows and
EGit might behave differently since they see different configuration options.
This warning can be switched off on the Team > Git > Confirmations and Warnings preference page.

!ENTRY org.eclipse.jst.j2ee 4 0 2017-12-08 19:35:25.529
!MESSAGE Plugin org.eclipse.jst.jee, extension org.eclipse.jst.j2ee.J2EEModelProvider
Version 8.0 of project facet jst.ear does not exist.

!ENTRY org.eclipse.jst.j2ee 4 0 2017-12-08 19:35:25.557
!MESSAGE Version 8.0 of project facet jst.ear does not exist.
!STACK 0
java.lang.IllegalArgumentException: Version 8.0 of project facet jst.ear does not exist.
	at org.eclipse.wst.common.project.facet.core.util.internal.Versionable.getVersion(Versionable.java:80)
	at org.eclipse.wst.common.project.facet.core.internal.ProjectFacet.getVersion(ProjectFacet.java:1)
	at org.eclipse.jst.j2ee.model.J2EEModelProviderRegistry.readElement(J2EEModelProviderRegistry.java:85)
	at org.eclipse.wst.common.core.util.RegistryReader.internalReadElement(RegistryReader.java:81)
	at org.eclipse.wst.common.core.util.RegistryReader.readRegistry(RegistryReader.java:122)
	at org.eclipse.jst.j2ee.model.J2EEModelProviderRegistry.getInstance(J2EEModelProviderRegistry.java:43)
	at org.eclipse.jst.j2ee.model.ModelProviderManager.initProviders(ModelProviderManager.java:262)
	at org.eclipse.jst.j2ee.model.ModelProviderManager.getProviders(ModelProviderManager.java:338)
	at org.eclipse.jst.j2ee.model.ModelProviderManager.getProvider(ModelProviderManager.java:223)
	at org.eclipse.jst.j2ee.model.ModelProviderManager.getModelProvider(ModelProviderManager.java:93)
	at org.eclipse.jst.j2ee.model.ModelProviderManager.getModelProvider(ModelProviderManager.java:281)
	at org.eclipse.jst.jee.ui.internal.navigator.JEE5ContentProvider.getCachedModelProvider(JEE5ContentProvider.java:76)
	at org.eclipse.jst.jee.ui.internal.navigator.Web25ContentProvider.getNewContentProviderInstance(Web25ContentProvider.java:69)
	at org.eclipse.jst.jee.ui.internal.navigator.LoadingJeeDDJob.run(LoadingJeeDDJob.java:50)
	at org.eclipse.core.internal.jobs.Worker.run(Worker.java:56)

!ENTRY org.eclipse.jst.j2ee 4 0 2017-12-08 19:35:25.563
!MESSAGE Plugin org.eclipse.jst.jee, extension org.eclipse.jst.j2ee.J2EEModelProvider
Version 8.0 of project facet jst.appclient does not exist.

!ENTRY org.eclipse.jst.j2ee 4 0 2017-12-08 19:35:25.565
!MESSAGE Version 8.0 of project facet jst.appclient does not exist.
!STACK 0
java.lang.IllegalArgumentException: Version 8.0 of project facet jst.appclient does not exist.
	at org.eclipse.wst.common.project.facet.core.util.internal.Versionable.getVersion(Versionable.java:80)
	at org.eclipse.wst.common.project.facet.core.internal.ProjectFacet.getVersion(ProjectFacet.java:1)
	at org.eclipse.jst.j2ee.model.J2EEModelProviderRegistry.readElement(J2EEModelProviderRegistry.java:85)
	at org.eclipse.wst.common.core.util.RegistryReader.internalReadElement(RegistryReader.java:81)
	at org.eclipse.wst.common.core.util.RegistryReader.readRegistry(RegistryReader.java:122)
	at org.eclipse.jst.j2ee.model.J2EEModelProviderRegistry.getInstance(J2EEModelProviderRegistry.java:43)
	at org.eclipse.jst.j2ee.model.ModelProviderManager.initProviders(ModelProviderManager.java:262)
	at org.eclipse.jst.j2ee.model.ModelProviderManager.getProviders(ModelProviderManager.java:338)
	at org.eclipse.jst.j2ee.model.ModelProviderManager.getProvider(ModelProviderManager.java:223)
	at org.eclipse.jst.j2ee.model.ModelProviderManager.getModelProvider(ModelProviderManager.java:93)
	at org.eclipse.jst.j2ee.model.ModelProviderManager.getModelProvider(ModelProviderManager.java:281)
	at org.eclipse.jst.jee.ui.internal.navigator.JEE5ContentProvider.getCachedModelProvider(JEE5ContentProvider.java:76)
	at org.eclipse.jst.jee.ui.internal.navigator.Web25ContentProvider.getNewContentProviderInstance(Web25ContentProvider.java:69)
	at org.eclipse.jst.jee.ui.internal.navigator.LoadingJeeDDJob.run(LoadingJeeDDJob.java:50)
	at org.eclipse.core.internal.jobs.Worker.run(Worker.java:56)

!ENTRY org.eclipse.jst.server.tomcat.core 4 0 2017-12-08 21:00:42.843
!MESSAGE Several ports (8005, 8080, 8009) required by Tomcat v8.5 Server at localhost are already in use. The server may already be running in another process, or a system process may be using the port. To start this server you will need to stop the other process or change the port number(s).

!ENTRY org.eclipse.jst.server.tomcat.core 4 0 2017-12-08 23:15:21.407
!MESSAGE Several ports (8005, 8080, 8009) required by Tomcat v8.5 Server at localhost are already in use. The server may already be running in another process, or a system process may be using the port. To start this server you will need to stop the other process or change the port number(s).
!SESSION 2017-12-09 01:21:10.882 -----------------------------------------------
eclipse.buildId=4.7.1.M20171009-0410
java.version=1.8.0_121
java.vendor=Oracle Corporation
BootLoader constants: OS=win32, ARCH=x86_64, WS=win32, NL=ko_KR
Framework arguments:  -product org.eclipse.epp.package.jee.product C:\Users\LG\Documents\학교\2학년\웹프로그래밍\2016112171_이주영_15주차\q1\WebContent\num.jsp
Command-line arguments:  -os win32 -ws win32 -arch x86_64 -product org.eclipse.epp.package.jee.product C:\Users\LG\Documents\학교\2학년\웹프로그래밍\2016112171_이주영_15주차\q1\WebContent\num.jsp

!ENTRY org.eclipse.equinox.app 4 2 2017-12-09 01:21:33.989
!MESSAGE Problems occurred when invoking code from plug-in: "org.eclipse.equinox.app".
!STACK 0
org.eclipse.swt.SWTException: Widget is disposed
	at org.eclipse.swt.SWT.error(SWT.java:4533)
	at org.eclipse.swt.SWT.error(SWT.java:4448)
	at org.eclipse.swt.SWT.error(SWT.java:4419)
	at org.eclipse.swt.widgets.Widget.error(Widget.java:482)
	at org.eclipse.swt.widgets.Widget.checkWidget(Widget.java:354)
	at org.eclipse.swt.widgets.Shell.close(Shell.java:545)
	at org.eclipse.ui.splash.AbstractSplashHandler.dispose(AbstractSplashHandler.java:63)
	at org.eclipse.ui.splash.BasicSplashHandler.dispose(BasicSplashHandler.java:163)
	at org.eclipse.ui.internal.Workbench$2$1.applicationRunning(Workbench.java:845)
	at org.eclipse.equinox.internal.app.EclipseAppHandle$1.run(EclipseAppHandle.java:268)
	at org.eclipse.core.runtime.SafeRunner.run(SafeRunner.java:42)
	at org.eclipse.equinox.internal.app.EclipseAppHandle.applicationRunning(EclipseAppHandle.java:258)
	at org.eclipse.e4.ui.internal.workbench.swt.PartRenderingEngine$5.run(PartRenderingEngine.java:1085)
	at org.eclipse.core.databinding.observable.Realm.runWithDefault(Realm.java:336)
	at org.eclipse.e4.ui.internal.workbench.swt.PartRenderingEngine.run(PartRenderingEngine.java:1039)
	at org.eclipse.e4.ui.internal.workbench.E4Workbench.createAndRunUI(E4Workbench.java:153)
	at org.eclipse.ui.internal.Workbench.lambda$3(Workbench.java:680)
	at org.eclipse.core.databinding.observable.Realm.runWithDefault(Realm.java:336)
	at org.eclipse.ui.internal.Workbench.createAndRunWorkbench(Workbench.java:594)
	at org.eclipse.ui.PlatformUI.createAndRunWorkbench(PlatformUI.java:148)
	at org.eclipse.ui.internal.ide.application.IDEApplication.start(IDEApplication.java:151)
	at org.eclipse.equinox.internal.app.EclipseAppHandle.run(EclipseAppHandle.java:196)
	at org.eclipse.core.runtime.internal.adaptor.EclipseAppLauncher.runApplication(EclipseAppLauncher.java:134)
	at org.eclipse.core.runtime.internal.adaptor.EclipseAppLauncher.start(EclipseAppLauncher.java:104)
	at org.eclipse.core.runtime.adaptor.EclipseStarter.run(EclipseStarter.java:388)
	at org.eclipse.core.runtime.adaptor.EclipseStarter.run(EclipseStarter.java:243)
	at sun.reflect.NativeMethodAccessorImpl.invoke0(Native Method)
	at sun.reflect.NativeMethodAccessorImpl.invoke(Unknown Source)
	at sun.reflect.DelegatingMethodAccessorImpl.invoke(Unknown Source)
	at java.lang.reflect.Method.invoke(Unknown Source)
	at org.eclipse.equinox.launcher.Main.invokeFramework(Main.java:653)
	at org.eclipse.equinox.launcher.Main.basicRun(Main.java:590)
	at org.eclipse.equinox.launcher.Main.run(Main.java:1499)

!ENTRY org.eclipse.egit.ui 2 0 2017-12-09 01:21:36.855
!MESSAGE Warning: The environment variable HOME is not set. The following directory will be used to store the Git
user global configuration and to define the default location to store repositories: 'C:\Users\LG'. If this is
not correct please set the HOME environment variable and restart Eclipse. Otherwise Git for Windows and
EGit might behave differently since they see different configuration options.
This warning can be switched off on the Team > Git > Confirmations and Warnings preference page.
